Using pre-set license
Built from '2021.3/staging' branch; Version is '2021.3.5f1 (40eb3a945986) revision 4254522'; Using compiler version '192829333'; Build Type 'Release'
OS: 'Windows 10  (10.0.19044) 64bit Core' Language: 'en' Physical Memory: 24438 MB
BatchMode: 1, IsHumanControllingUs: 0, StartBugReporterOnCrash: 0, Is64bit: 1, IsPro: 1

COMMAND LINE ARGUMENTS:
C:\Program Files\Unity\Hub\Editor\2021.3.5f1\Editor\Unity.exe
-adb2
-batchMode
-noUpm
-name
AssetImportWorker0
-projectPath
C:/Users/Ibrahim Chhaya/Documents/Honours Year Project/AdvancedAIGame
-logFile
Logs/AssetImportWorker0.log
-srvPort
59529
Successfully changed project path to: C:/Users/Ibrahim Chhaya/Documents/Honours Year Project/AdvancedAIGame
C:/Users/Ibrahim Chhaya/Documents/Honours Year Project/AdvancedAIGame
[UnityMemory] Configuration Parameters - Can be set up in boot.config
    "memorysetup-bucket-allocator-granularity=16"
    "memorysetup-bucket-allocator-bucket-count=8"
    "memorysetup-bucket-allocator-block-size=33554432"
    "memorysetup-bucket-allocator-block-count=8"
    "memorysetup-main-allocator-block-size=16777216"
    "memorysetup-thread-allocator-block-size=16777216"
    "memorysetup-gfx-main-allocator-block-size=16777216"
    "memorysetup-gfx-thread-allocator-block-size=16777216"
    "memorysetup-cache-allocator-block-size=4194304"
    "memorysetup-typetree-allocator-block-size=2097152"
    "memorysetup-profiler-bucket-allocator-granularity=16"
    "memorysetup-profiler-bucket-allocator-bucket-count=8"
    "memorysetup-profiler-bucket-allocator-block-size=33554432"
    "memorysetup-profiler-bucket-allocator-block-count=8"
    "memorysetup-profiler-allocator-block-size=16777216"
    "memorysetup-profiler-editor-allocator-block-size=1048576"
    "memorysetup-temp-allocator-size-main=16777216"
    "memorysetup-job-temp-allocator-block-size=2097152"
    "memorysetup-job-temp-allocator-block-size-background=1048576"
    "memorysetup-job-temp-allocator-reduction-small-platforms=262144"
    "memorysetup-temp-allocator-size-background-worker=32768"
    "memorysetup-temp-allocator-size-job-worker=262144"
    "memorysetup-temp-allocator-size-preload-manager=33554432"
    "memorysetup-temp-allocator-size-nav-mesh-worker=65536"
    "memorysetup-temp-allocator-size-audio-worker=65536"
    "memorysetup-temp-allocator-size-cloud-worker=32768"
    "memorysetup-temp-allocator-size-gi-baking-worker=262144"
    "memorysetup-temp-allocator-size-gfx=262144"
Refreshing native plugins compatible for Editor in 100.33 ms, found 3 plugins.
Preloading 0 native plugins for Editor in 0.00 ms.
Initialize engine version: 2021.3.5f1 (40eb3a945986)
[Subsystems] Discovering subsystems at path C:/Program Files/Unity/Hub/Editor/2021.3.5f1/Editor/Data/Resources/UnitySubsystems
[Subsystems] Discovering subsystems at path C:/Users/Ibrahim Chhaya/Documents/Honours Year Project/AdvancedAIGame/Assets
GfxDevice: creating device client; threaded=0; jobified=0
Direct3D:
    Version:  Direct3D 11.0 [level 11.1]
    Renderer: NVIDIA GeForce GTX 1050 (ID=0x1c8d)
    Vendor:   NVIDIA
    VRAM:     4021 MB
    Driver:   24.21.13.9836
Initialize mono
Mono path[0] = 'C:/Program Files/Unity/Hub/Editor/2021.3.5f1/Editor/Data/Managed'
Mono path[1] = 'C:/Program Files/Unity/Hub/Editor/2021.3.5f1/Editor/Data/MonoBleedingEdge/lib/mono/unityjit-win32'
Mono config path = 'C:/Program Files/Unity/Hub/Editor/2021.3.5f1/Editor/Data/MonoBleedingEdge/etc'
Using monoOptions --debugger-agent=transport=dt_socket,embedding=1,server=y,suspend=n,address=127.0.0.1:56884
Begin MonoManager ReloadAssembly
Registering precompiled unity dll's ...
Register platform support module: C:/Program Files/Unity/Hub/Editor/2021.3.5f1/Editor/Data/PlaybackEngines/WebGLSupport/UnityEditor.WebGL.Extensions.dll
Register platform support module: C:/Program Files/Unity/Hub/Editor/2021.3.5f1/Editor/Data/PlaybackEngines/WindowsStandaloneSupport/UnityEditor.WindowsStandalone.Extensions.dll
Registered in 0.010506 seconds.
Native extension for WindowsStandalone target not found
Native extension for WebGL target not found
Refreshing native plugins compatible for Editor in 103.46 ms, found 3 plugins.
Preloading 0 native plugins for Editor in 0.00 ms.
Mono: successfully reloaded assembly
- Completed reload, in  0.783 seconds
Domain Reload Profiling:
	ReloadAssembly (784ms)
		BeginReloadAssembly (96ms)
			ExecutionOrderSort (0ms)
			DisableScriptedObjects (0ms)
			BackupInstance (0ms)
			ReleaseScriptingObjects (0ms)
			CreateAndSetChildDomain (1ms)
		EndReloadAssembly (540ms)
			LoadAssemblies (93ms)
			RebuildTransferFunctionScriptingTraits (0ms)
			SetupTypeCache (127ms)
			ReleaseScriptCaches (0ms)
			RebuildScriptCaches (34ms)
			SetupLoadedEditorAssemblies (319ms)
				LogAssemblyErrors (0ms)
				InitializePlatformSupportModulesInManaged (11ms)
				SetLoadedEditorAssemblies (0ms)
				RefreshPlugins (104ms)
				BeforeProcessingInitializeOnLoad (1ms)
				ProcessInitializeOnLoadAttributes (144ms)
				ProcessInitializeOnLoadMethodAttributes (59ms)
				AfterProcessingInitializeOnLoad (0ms)
				EditorAssembliesLoaded (0ms)
			ExecutionOrderSort2 (0ms)
			AwakeInstancesAfterBackupRestoration (0ms)
Platform modules already initialized, skipping
Registering precompiled user dll's ...
Registered in 0.009326 seconds.
Begin MonoManager ReloadAssembly
Symbol file LoadedFromMemory doesn't match image C:\Users\Ibrahim Chhaya\Documents\Honours Year Project\AdvancedAIGame\Library\PackageCache\com.unity.visualscripting@1.7.8\Editor\VisualScripting.Core\Dependencies\YamlDotNet\Unity.VisualScripting.YamlDotNet.dll
Symbol file LoadedFromMemory doesn't match image C:\Users\Ibrahim Chhaya\Documents\Honours Year Project\AdvancedAIGame\Library\PackageCache\com.unity.visualscripting@1.7.8\Editor\VisualScripting.Core\Dependencies\DotNetZip\Unity.VisualScripting.IonicZip.dll
Native extension for WindowsStandalone target not found
Native extension for WebGL target not found
Refreshing native plugins compatible for Editor in 0.60 ms, found 3 plugins.
Preloading 0 native plugins for Editor in 0.00 ms.
Mono: successfully reloaded assembly
- Completed reload, in  1.328 seconds
Domain Reload Profiling:
	ReloadAssembly (1329ms)
		BeginReloadAssembly (153ms)
			ExecutionOrderSort (0ms)
			DisableScriptedObjects (7ms)
			BackupInstance (0ms)
			ReleaseScriptingObjects (0ms)
			CreateAndSetChildDomain (24ms)
		EndReloadAssembly (1023ms)
			LoadAssemblies (117ms)
			RebuildTransferFunctionScriptingTraits (0ms)
			SetupTypeCache (334ms)
			ReleaseScriptCaches (1ms)
			RebuildScriptCaches (57ms)
			SetupLoadedEditorAssemblies (481ms)
				LogAssemblyErrors (0ms)
				InitializePlatformSupportModulesInManaged (9ms)
				SetLoadedEditorAssemblies (1ms)
				RefreshPlugins (1ms)
				BeforeProcessingInitializeOnLoad (113ms)
				ProcessInitializeOnLoadAttributes (308ms)
				ProcessInitializeOnLoadMethodAttributes (39ms)
				AfterProcessingInitializeOnLoad (11ms)
				EditorAssembliesLoaded (0ms)
			ExecutionOrderSort2 (0ms)
			AwakeInstancesAfterBackupRestoration (8ms)
Platform modules already initialized, skipping
========================================================================
Worker process is ready to serve import requests
Launched and connected shader compiler UnityShaderCompiler.exe after 0.05 seconds
Refreshing native plugins compatible for Editor in 0.65 ms, found 3 plugins.
Preloading 0 native plugins for Editor in 0.00 ms.
Unloading 3371 Unused Serialized files (Serialized files now loaded: 0)
Unloading 27 unused Assets / (111.1 KB). Loaded Objects now: 3827.
Memory consumption went from 116.0 MB to 115.9 MB.
Total: 3.623100 ms (FindLiveObjects: 0.290100 ms CreateObjectMapping: 0.213600 ms MarkObjects: 3.015600 ms  DeleteObjects: 0.102800 ms)

AssetImportParameters requested are different than current active one (requested -> active):
  custom:video-decoder-ogg-theora: a1e56fd34408186e4bbccfd4996cb3dc -> 
  custom:container-muxer-webm: aa71ff27fc2769a1b78a27578f13a17b -> 
  custom:container-demuxer-webm: 4f35f7cbe854078d1ac9338744f61a02 -> 
  custom:video-encoder-webm-vp8: eb34c28f22e8b96e1ab97ce403110664 -> 
  custom:audio-encoder-webm-vorbis: bf7c407c2cedff20999df2af8eb42d56 -> 
  custom:framework-win-MediaFoundation: 216162199b28c13a410421893ffa2e32 -> 
  custom:container-demuxer-ogg: 62fdf1f143b41e24485cea50d1cbac27 -> 
  custom:video-decoder-webm-vp8: 9c59270c3fd7afecdb556c50c9e8de78 -> 
  custom:audio-decoder-ogg-vorbis: bf7c407c2cedff20999df2af8eb42d56 -> 
========================================================================
Received Import Request.
  Time since last request: 1203497.896896 seconds.
  path: Assets/BrokenVector/LowPolyDungeon
  artifactKey: Guid(fe75cbfbde034104291466020cdefc8f) Importer(815301076,1909f56bfc062723c751e8b465ee728b)
Start importing Assets/BrokenVector/LowPolyDungeon using Guid(fe75cbfbde034104291466020cdefc8f) Importer(815301076,1909f56bfc062723c751e8b465ee728b)  -> (artifact id: '75a360bfcb818d0198aeff049f71b2c3') in 0.011014 seconds 
========================================================================
Received Import Request.
  Time since last request: 0.000027 seconds.
  path: Assets/BrokenVector/LowPolyDungeon/Prefabs
  artifactKey: Guid(739cb2b891d777d4381761a57c0e04f0) Importer(815301076,1909f56bfc062723c751e8b465ee728b)
Start importing Assets/BrokenVector/LowPolyDungeon/Prefabs using Guid(739cb2b891d777d4381761a57c0e04f0) Importer(815301076,1909f56bfc062723c751e8b465ee728b)  -> (artifact id: '2e9dfdf4707c4043d4bd7668cfea266f') in 0.008998 seconds 
========================================================================
Received Import Request.
  Time since last request: 0.000026 seconds.
  path: Assets/BrokenVector
  artifactKey: Guid(6fca8f49b64911140975e246038d872e) Importer(815301076,1909f56bfc062723c751e8b465ee728b)
Start importing Assets/BrokenVector using Guid(6fca8f49b64911140975e246038d872e) Importer(815301076,1909f56bfc062723c751e8b465ee728b)  -> (artifact id: '091bee210e6dac335e43324f4157eda3') in 0.009851 seconds 
========================================================================
Received Import Request.
  Time since last request: 6.320469 seconds.
  path: Assets/BrokenVector/LowPolyDungeon/Prefabs/Tiles
  artifactKey: Guid(0cde60a3546f51d41bdd7bf4a9dc8cb5) Importer(815301076,1909f56bfc062723c751e8b465ee728b)
Start importing Assets/BrokenVector/LowPolyDungeon/Prefabs/Tiles using Guid(0cde60a3546f51d41bdd7bf4a9dc8cb5) Importer(815301076,1909f56bfc062723c751e8b465ee728b)  -> (artifact id: '5dcce4ae3ca5a5ede40a51940a2bfd34') in 0.009813 seconds 
========================================================================
Received Import Request.
  Time since last request: 0.000041 seconds.
  path: Assets/BrokenVector/LowPolyDungeon/Prefabs/Tiles/Balcony_Railing.prefab
  artifactKey: Guid(112473a489e4f4e47b0127b8a56f8582) Importer(815301076,1909f56bfc062723c751e8b465ee728b)
Start importing Assets/BrokenVector/LowPolyDungeon/Prefabs/Tiles/Balcony_Railing.prefab using Guid(112473a489e4f4e47b0127b8a56f8582) Importer(815301076,1909f56bfc062723c751e8b465ee728b)  -> (artifact id: 'c986ce3790f36cdaab533a14eaa68ea1') in 0.412139 seconds 
========================================================================
Received Import Request.
  Time since last request: 0.000027 seconds.
  path: Assets/BrokenVector/LowPolyDungeon/Prefabs/Tiles/Dungeon_Hall_Wall.prefab
  artifactKey: Guid(c7af5921109b94141afd37e9fdd75443) Importer(815301076,1909f56bfc062723c751e8b465ee728b)
Start importing Assets/BrokenVector/LowPolyDungeon/Prefabs/Tiles/Dungeon_Hall_Wall.prefab using Guid(c7af5921109b94141afd37e9fdd75443) Importer(815301076,1909f56bfc062723c751e8b465ee728b)  -> (artifact id: '5789d7013d8b22e71852bfb22031fd2b') in 0.202723 seconds 
========================================================================
Received Import Request.
  Time since last request: 0.000028 seconds.
  path: Assets/BrokenVector/LowPolyDungeon/Prefabs/Tiles/Dungeon_Passage.prefab
  artifactKey: Guid(b89b3b3efb3070240952a3335d270247) Importer(815301076,1909f56bfc062723c751e8b465ee728b)
Start importing Assets/BrokenVector/LowPolyDungeon/Prefabs/Tiles/Dungeon_Passage.prefab using Guid(b89b3b3efb3070240952a3335d270247) Importer(815301076,1909f56bfc062723c751e8b465ee728b)  -> (artifact id: '9dae4079a25c0998ee7914233eea29c2') in 0.024554 seconds 
========================================================================
Received Import Request.
  Time since last request: 0.000019 seconds.
  path: Assets/BrokenVector/LowPolyDungeon/Prefabs/Tiles/Dungeon_Big_to_Custom.prefab
  artifactKey: Guid(a8df3746f46c949429b741b6b3defcb3) Importer(815301076,1909f56bfc062723c751e8b465ee728b)
Start importing Assets/BrokenVector/LowPolyDungeon/Prefabs/Tiles/Dungeon_Big_to_Custom.prefab using Guid(a8df3746f46c949429b741b6b3defcb3) Importer(815301076,1909f56bfc062723c751e8b465ee728b)  -> (artifact id: '79d2400accf0da43cdb049dddb4bb873') in 0.021695 seconds 
========================================================================
Received Import Request.
  Time since last request: 0.000021 seconds.
  path: Assets/BrokenVector/LowPolyDungeon/Prefabs/Tiles/Dungeon_Custom_Corner_Flat.prefab
  artifactKey: Guid(5ae2b4c7b8cea2f45a6dcfa4fa52fe95) Importer(815301076,1909f56bfc062723c751e8b465ee728b)
Start importing Assets/BrokenVector/LowPolyDungeon/Prefabs/Tiles/Dungeon_Custom_Corner_Flat.prefab using Guid(5ae2b4c7b8cea2f45a6dcfa4fa52fe95) Importer(815301076,1909f56bfc062723c751e8b465ee728b)  -> (artifact id: '1bb0d401494fd924daeac3645c74b08d') in 0.023020 seconds 
========================================================================
Received Import Request.
  Time since last request: 0.000024 seconds.
  path: Assets/BrokenVector/LowPolyDungeon/Prefabs/Tiles/Basement_Var1.prefab
  artifactKey: Guid(7b9bd4ff48795cf42b9f4a6c3b8a49c1) Importer(815301076,1909f56bfc062723c751e8b465ee728b)
Start importing Assets/BrokenVector/LowPolyDungeon/Prefabs/Tiles/Basement_Var1.prefab using Guid(7b9bd4ff48795cf42b9f4a6c3b8a49c1) Importer(815301076,1909f56bfc062723c751e8b465ee728b)  -> (artifact id: '3d44d39bfd077db81716ed1c7dd94c16') in 0.227746 seconds 
========================================================================
Received Import Request.
  Time since last request: 0.000021 seconds.
  path: Assets/BrokenVector/LowPolyDungeon/Prefabs/Tiles/Dungeon_Custom_Corner_Arched.prefab
  artifactKey: Guid(da9803df239bac641a76405e07eaaa8d) Importer(815301076,1909f56bfc062723c751e8b465ee728b)
Start importing Assets/BrokenVector/LowPolyDungeon/Prefabs/Tiles/Dungeon_Custom_Corner_Arched.prefab using Guid(da9803df239bac641a76405e07eaaa8d) Importer(815301076,1909f56bfc062723c751e8b465ee728b)  -> (artifact id: '7773dcbc0625aa05d1856037f52089b2') in 0.024314 seconds 
========================================================================
Received Import Request.
  Time since last request: 0.000030 seconds.
  path: Assets/BrokenVector/LowPolyDungeon/Prefabs/Tiles/Dungeon_Wall_Var3.prefab
  artifactKey: Guid(8cda7687928e5174ea2627e48a3c6d69) Importer(815301076,1909f56bfc062723c751e8b465ee728b)
Start importing Assets/BrokenVector/LowPolyDungeon/Prefabs/Tiles/Dungeon_Wall_Var3.prefab using Guid(8cda7687928e5174ea2627e48a3c6d69) Importer(815301076,1909f56bfc062723c751e8b465ee728b)  -> (artifact id: '315642e4edcdf87d3320588fa69469e2') in 0.023196 seconds 
========================================================================
Received Import Request.
  Time since last request: 0.000019 seconds.
  path: Assets/BrokenVector/LowPolyDungeon/Prefabs/Tiles/Balcony_Post.prefab
  artifactKey: Guid(858f824f92c8a904ab91fb51c02959d8) Importer(815301076,1909f56bfc062723c751e8b465ee728b)
Start importing Assets/BrokenVector/LowPolyDungeon/Prefabs/Tiles/Balcony_Post.prefab using Guid(858f824f92c8a904ab91fb51c02959d8) Importer(815301076,1909f56bfc062723c751e8b465ee728b)  -> (artifact id: '1209e2700c1e6e31beddded67e64b8fe') in 0.028258 seconds 
========================================================================
Received Import Request.
  Time since last request: 0.000023 seconds.
  path: Assets/BrokenVector/LowPolyDungeon/Prefabs/Tiles/Door_Basement_Left.prefab
  artifactKey: Guid(8b456a21699676a4b94bd6288356bf89) Importer(815301076,1909f56bfc062723c751e8b465ee728b)
Start importing Assets/BrokenVector/LowPolyDungeon/Prefabs/Tiles/Door_Basement_Left.prefab using Guid(8b456a21699676a4b94bd6288356bf89) Importer(815301076,1909f56bfc062723c751e8b465ee728b)  -> (artifact id: 'bd49bc7efe14fe888e83d56bdb846c06') in 0.027268 seconds 
========================================================================
Received Import Request.
  Time since last request: 0.000106 seconds.
  path: Assets/BrokenVector/LowPolyDungeon/Prefabs/Tiles/Basement_Var2.prefab
  artifactKey: Guid(685a0a8fbafab03459cffd23ffacc28c) Importer(815301076,1909f56bfc062723c751e8b465ee728b)
Start importing Assets/BrokenVector/LowPolyDungeon/Prefabs/Tiles/Basement_Var2.prefab using Guid(685a0a8fbafab03459cffd23ffacc28c) Importer(815301076,1909f56bfc062723c751e8b465ee728b)  -> (artifact id: '9fb7c49641449c0d54348d37e7032a3b') in 0.023820 seconds 
========================================================================
Received Import Request.
  Time since last request: 0.000019 seconds.
  path: Assets/BrokenVector/LowPolyDungeon/Prefabs/Tiles/Dungeon_Custom_Corner_Inverted.prefab
  artifactKey: Guid(867c307861a2f9244bc4a3434c515f1c) Importer(815301076,1909f56bfc062723c751e8b465ee728b)
Start importing Assets/BrokenVector/LowPolyDungeon/Prefabs/Tiles/Dungeon_Custom_Corner_Inverted.prefab using Guid(867c307861a2f9244bc4a3434c515f1c) Importer(815301076,1909f56bfc062723c751e8b465ee728b)  -> (artifact id: 'c7774582334d3ce68551ed540752ffb3') in 0.025842 seconds 
========================================================================
Received Import Request.
  Time since last request: 0.000031 seconds.
  path: Assets/BrokenVector/LowPolyDungeon/Prefabs/Tiles/Dungeon_Straight.prefab
  artifactKey: Guid(97a4b078c0091b947acd8736a2f47884) Importer(815301076,1909f56bfc062723c751e8b465ee728b)
Start importing Assets/BrokenVector/LowPolyDungeon/Prefabs/Tiles/Dungeon_Straight.prefab using Guid(97a4b078c0091b947acd8736a2f47884) Importer(815301076,1909f56bfc062723c751e8b465ee728b)  -> (artifact id: 'b491ca64dc918ae28b9a58f4d7a006ad') in 0.021897 seconds 
========================================================================
Received Import Request.
  Time since last request: 0.000022 seconds.
  path: Assets/BrokenVector/LowPolyDungeon/Prefabs/Tiles/Dungeon_Straight_14°.prefab
  artifactKey: Guid(6ed2c478f82171c4083dfd49cea2ac11) Importer(815301076,1909f56bfc062723c751e8b465ee728b)
Start importing Assets/BrokenVector/LowPolyDungeon/Prefabs/Tiles/Dungeon_Straight_14°.prefab using Guid(6ed2c478f82171c4083dfd49cea2ac11) Importer(815301076,1909f56bfc062723c751e8b465ee728b)  -> (artifact id: '9461887e81284e17d2f53c66537f7077') in 0.029727 seconds 
========================================================================
Received Import Request.
  Time since last request: 0.000028 seconds.
  path: Assets/BrokenVector/LowPolyDungeon/Prefabs/Tiles/Dungeon_Hall_Wall_Stairs_Left.prefab
  artifactKey: Guid(4896ba4e24abe11438ab4b34a382af54) Importer(815301076,1909f56bfc062723c751e8b465ee728b)
Start importing Assets/BrokenVector/LowPolyDungeon/Prefabs/Tiles/Dungeon_Hall_Wall_Stairs_Left.prefab using Guid(4896ba4e24abe11438ab4b34a382af54) Importer(815301076,1909f56bfc062723c751e8b465ee728b)  -> (artifact id: 'e278f0a636a6b32900fab7c343d9584b') in 0.027240 seconds 
========================================================================
Received Import Request.
  Time since last request: 0.000032 seconds.
  path: Assets/BrokenVector/LowPolyDungeon/Prefabs/Tiles/Dungeon_Wall_Var1.prefab
  artifactKey: Guid(5e10be2f5a748844dbd0b2b7e6fafd4a) Importer(815301076,1909f56bfc062723c751e8b465ee728b)
Start importing Assets/BrokenVector/LowPolyDungeon/Prefabs/Tiles/Dungeon_Wall_Var1.prefab using Guid(5e10be2f5a748844dbd0b2b7e6fafd4a) Importer(815301076,1909f56bfc062723c751e8b465ee728b)  -> (artifact id: '79fc556bab304ec7c592aa492f68a62d') in 0.023633 seconds 
========================================================================
Received Import Request.
  Time since last request: 0.000022 seconds.
  path: Assets/BrokenVector/LowPolyDungeon/Prefabs/Tiles/Balcony.prefab
  artifactKey: Guid(a9c55b2fac05ba248a24bd117da7b964) Importer(815301076,1909f56bfc062723c751e8b465ee728b)
Start importing Assets/BrokenVector/LowPolyDungeon/Prefabs/Tiles/Balcony.prefab using Guid(a9c55b2fac05ba248a24bd117da7b964) Importer(815301076,1909f56bfc062723c751e8b465ee728b)  -> (artifact id: '960a764fb64562b5cc0bd45a301b738b') in 0.025331 seconds 
========================================================================
Received Import Request.
  Time since last request: 0.000021 seconds.
  path: Assets/BrokenVector/LowPolyDungeon/Prefabs/Tiles/Basement_Wall_Var2.prefab
  artifactKey: Guid(d157978297aa03d40bfe76f9decb9828) Importer(815301076,1909f56bfc062723c751e8b465ee728b)
Start importing Assets/BrokenVector/LowPolyDungeon/Prefabs/Tiles/Basement_Wall_Var2.prefab using Guid(d157978297aa03d40bfe76f9decb9828) Importer(815301076,1909f56bfc062723c751e8b465ee728b)  -> (artifact id: '3d23a346c0ebfb5925da651bb45374a6') in 0.026511 seconds 
========================================================================
Received Import Request.
  Time since last request: 0.000044 seconds.
  path: Assets/BrokenVector/LowPolyDungeon/Prefabs/Tiles/Basement_Wall_Var3.prefab
  artifactKey: Guid(3095027673429ac43888f84f7de0b80e) Importer(815301076,1909f56bfc062723c751e8b465ee728b)
Start importing Assets/BrokenVector/LowPolyDungeon/Prefabs/Tiles/Basement_Wall_Var3.prefab using Guid(3095027673429ac43888f84f7de0b80e) Importer(815301076,1909f56bfc062723c751e8b465ee728b)  -> (artifact id: '3e66d8823c600c48bc9ae3a623189548') in 0.021487 seconds 
========================================================================
Received Import Request.
  Time since last request: 0.000021 seconds.
  path: Assets/BrokenVector/LowPolyDungeon/Prefabs/Tiles/DoorGate_Wooden_Left.prefab
  artifactKey: Guid(f5e4cf5af47ee60418f92554c028a4ce) Importer(815301076,1909f56bfc062723c751e8b465ee728b)
Start importing Assets/BrokenVector/LowPolyDungeon/Prefabs/Tiles/DoorGate_Wooden_Left.prefab using Guid(f5e4cf5af47ee60418f92554c028a4ce) Importer(815301076,1909f56bfc062723c751e8b465ee728b)  -> (artifact id: 'b0c416a657887cc4d692ca5def4d2601') in 0.021307 seconds 
========================================================================
Received Import Request.
  Time since last request: 0.000022 seconds.
  path: Assets/BrokenVector/LowPolyDungeon/Prefabs/Tiles/Door_Iron_Left.prefab
  artifactKey: Guid(03020aab9adeeb54f9194380cf49b4a7) Importer(815301076,1909f56bfc062723c751e8b465ee728b)
Start importing Assets/BrokenVector/LowPolyDungeon/Prefabs/Tiles/Door_Iron_Left.prefab using Guid(03020aab9adeeb54f9194380cf49b4a7) Importer(815301076,1909f56bfc062723c751e8b465ee728b)  -> (artifact id: 'ee35d370d0fc7912d9cbc1527b2f25b6') in 0.021394 seconds 
========================================================================
Received Import Request.
  Time since last request: 0.000020 seconds.
  path: Assets/BrokenVector/LowPolyDungeon/Prefabs/Tiles/Dungeon_CornerCrossing.prefab
  artifactKey: Guid(dd7a26e18353799418d77212cc3275fe) Importer(815301076,1909f56bfc062723c751e8b465ee728b)
Start importing Assets/BrokenVector/LowPolyDungeon/Prefabs/Tiles/Dungeon_CornerCrossing.prefab using Guid(dd7a26e18353799418d77212cc3275fe) Importer(815301076,1909f56bfc062723c751e8b465ee728b)  -> (artifact id: 'a9d825018a22d4aa383159443fc593b4') in 0.021654 seconds 
========================================================================
Received Import Request.
  Time since last request: 0.000023 seconds.
  path: Assets/BrokenVector/LowPolyDungeon/Prefabs/Tiles/Dungeon_Hall_Center_Stairs.prefab
  artifactKey: Guid(f4372e02dd0e54440977f29b6a4c317b) Importer(815301076,1909f56bfc062723c751e8b465ee728b)
Start importing Assets/BrokenVector/LowPolyDungeon/Prefabs/Tiles/Dungeon_Hall_Center_Stairs.prefab using Guid(f4372e02dd0e54440977f29b6a4c317b) Importer(815301076,1909f56bfc062723c751e8b465ee728b)  -> (artifact id: 'aba5863f5a658b48984fc7afda863ca6') in 0.022142 seconds 
========================================================================
Received Import Request.
  Time since last request: 0.000033 seconds.
  path: Assets/BrokenVector/LowPolyDungeon/Prefabs/Tiles/FloorTIle.prefab
  artifactKey: Guid(0d780173c250d334f80c9061373c8e4f) Importer(815301076,1909f56bfc062723c751e8b465ee728b)
Start importing Assets/BrokenVector/LowPolyDungeon/Prefabs/Tiles/FloorTIle.prefab using Guid(0d780173c250d334f80c9061373c8e4f) Importer(815301076,1909f56bfc062723c751e8b465ee728b)  -> (artifact id: 'f59ed9d31cace9b6becb67b7940b68fe') in 0.021299 seconds 
========================================================================
Received Import Request.
  Time since last request: 0.000023 seconds.
  path: Assets/BrokenVector/LowPolyDungeon/Prefabs/Tiles/Dungeon_Hall_Corner.prefab
  artifactKey: Guid(d468aca3a4ae71b46a917597c89e70ac) Importer(815301076,1909f56bfc062723c751e8b465ee728b)
Start importing Assets/BrokenVector/LowPolyDungeon/Prefabs/Tiles/Dungeon_Hall_Corner.prefab using Guid(d468aca3a4ae71b46a917597c89e70ac) Importer(815301076,1909f56bfc062723c751e8b465ee728b)  -> (artifact id: '4431b4180313982b0d37f7686fa7bd0e') in 0.026435 seconds 
========================================================================
Received Import Request.
  Time since last request: 0.000022 seconds.
  path: Assets/BrokenVector/LowPolyDungeon/Prefabs/Tiles/Dungeon_Big_Window.prefab
  artifactKey: Guid(e1b562557332b084b8dbc191884e6f92) Importer(815301076,1909f56bfc062723c751e8b465ee728b)
Start importing Assets/BrokenVector/LowPolyDungeon/Prefabs/Tiles/Dungeon_Big_Window.prefab using Guid(e1b562557332b084b8dbc191884e6f92) Importer(815301076,1909f56bfc062723c751e8b465ee728b)  -> (artifact id: '28e1616a5885b1c37eb88f7c2f7959e5') in 0.023026 seconds 
========================================================================
Received Import Request.
  Time since last request: 0.000068 seconds.
  path: Assets/BrokenVector/LowPolyDungeon/Prefabs/Tiles/Dungeon_Hall_Corner_Inverted.prefab
  artifactKey: Guid(a08fc365a6eb3a4479ec69b573a6c7ad) Importer(815301076,1909f56bfc062723c751e8b465ee728b)
Start importing Assets/BrokenVector/LowPolyDungeon/Prefabs/Tiles/Dungeon_Hall_Corner_Inverted.prefab using Guid(a08fc365a6eb3a4479ec69b573a6c7ad) Importer(815301076,1909f56bfc062723c751e8b465ee728b)  -> (artifact id: '3cc08cf908900ea29d5d8ed37ef1a194') in 0.020845 seconds 
========================================================================
Received Import Request.
  Time since last request: 0.000031 seconds.
  path: Assets/BrokenVector/LowPolyDungeon/Prefabs/Tiles/Door_Iron_Right.prefab
  artifactKey: Guid(e22e29840e07aca4693bb3288c909879) Importer(815301076,1909f56bfc062723c751e8b465ee728b)
Start importing Assets/BrokenVector/LowPolyDungeon/Prefabs/Tiles/Door_Iron_Right.prefab using Guid(e22e29840e07aca4693bb3288c909879) Importer(815301076,1909f56bfc062723c751e8b465ee728b)  -> (artifact id: 'e93028f0445fcd2953664b1ed1057a05') in 0.020135 seconds 
========================================================================
Received Import Request.
  Time since last request: 0.000026 seconds.
  path: Assets/BrokenVector/LowPolyDungeon/Prefabs/Tiles/Basement_Var4.prefab
  artifactKey: Guid(303434915ff72994f860f6202a4ef5f5) Importer(815301076,1909f56bfc062723c751e8b465ee728b)
Start importing Assets/BrokenVector/LowPolyDungeon/Prefabs/Tiles/Basement_Var4.prefab using Guid(303434915ff72994f860f6202a4ef5f5) Importer(815301076,1909f56bfc062723c751e8b465ee728b)  -> (artifact id: 'fb8880db317cdfe8d59e9c119ef4b83e') in 0.023535 seconds 
========================================================================
Received Import Request.
  Time since last request: 0.000023 seconds.
  path: Assets/BrokenVector/LowPolyDungeon/Prefabs/Tiles/Dungeon_Custom_Border_Arched.prefab
  artifactKey: Guid(2f2ff5c103656c94ca51d5bbd62d1ca9) Importer(815301076,1909f56bfc062723c751e8b465ee728b)
Start importing Assets/BrokenVector/LowPolyDungeon/Prefabs/Tiles/Dungeon_Custom_Border_Arched.prefab using Guid(2f2ff5c103656c94ca51d5bbd62d1ca9) Importer(815301076,1909f56bfc062723c751e8b465ee728b)  -> (artifact id: '5d850499c33ecb552bb959af72f80e0e') in 0.021820 seconds 
========================================================================
Received Import Request.
  Time since last request: 0.000026 seconds.
  path: Assets/BrokenVector/LowPolyDungeon/Prefabs/Tiles/Door_Wooden_Round_Left.prefab
  artifactKey: Guid(ba93fc15ee14dbf45b36696cb946115f) Importer(815301076,1909f56bfc062723c751e8b465ee728b)
Start importing Assets/BrokenVector/LowPolyDungeon/Prefabs/Tiles/Door_Wooden_Round_Left.prefab using Guid(ba93fc15ee14dbf45b36696cb946115f) Importer(815301076,1909f56bfc062723c751e8b465ee728b)  -> (artifact id: 'd8facbd57bd34b6fa4e0cafd917f45f6') in 0.022723 seconds 
========================================================================
Received Import Request.
  Time since last request: 0.000029 seconds.
  path: Assets/BrokenVector/LowPolyDungeon/Prefabs/Tiles/Dungeon_Passage_Wood.prefab
  artifactKey: Guid(398fe532ee92e2b478e8fd465e800786) Importer(815301076,1909f56bfc062723c751e8b465ee728b)
Start importing Assets/BrokenVector/LowPolyDungeon/Prefabs/Tiles/Dungeon_Passage_Wood.prefab using Guid(398fe532ee92e2b478e8fd465e800786) Importer(815301076,1909f56bfc062723c751e8b465ee728b)  -> (artifact id: '6641f693f0d97a576c2f0ff604091ea7') in 0.020627 seconds 
========================================================================
Received Import Request.
  Time since last request: 0.000025 seconds.
  path: Assets/BrokenVector/LowPolyDungeon/Prefabs/Tiles/Dungeon_Big.prefab
  artifactKey: Guid(6cb084713de342d4d94969b0f4ad068f) Importer(815301076,1909f56bfc062723c751e8b465ee728b)
Start importing Assets/BrokenVector/LowPolyDungeon/Prefabs/Tiles/Dungeon_Big.prefab using Guid(6cb084713de342d4d94969b0f4ad068f) Importer(815301076,1909f56bfc062723c751e8b465ee728b)  -> (artifact id: '2f1f0f02c7d30d92365349e9da2f0e8c') in 0.023280 seconds 
========================================================================
Received Import Request.
  Time since last request: 0.000037 seconds.
  path: Assets/BrokenVector/LowPolyDungeon/Prefabs/Tiles/Dungeon_Custom_Center.prefab
  artifactKey: Guid(5c582aa33048aaa428a9e969723d47dc) Importer(815301076,1909f56bfc062723c751e8b465ee728b)
Start importing Assets/BrokenVector/LowPolyDungeon/Prefabs/Tiles/Dungeon_Custom_Center.prefab using Guid(5c582aa33048aaa428a9e969723d47dc) Importer(815301076,1909f56bfc062723c751e8b465ee728b)  -> (artifact id: '00095348a1114e9de2550f098e6b9515') in 0.019360 seconds 
========================================================================
Received Import Request.
  Time since last request: 0.000026 seconds.
  path: Assets/BrokenVector/LowPolyDungeon/Prefabs/Tiles/Basement_Wall_Var1.prefab
  artifactKey: Guid(e52fa0ab130d63b42bcdd15456a87141) Importer(815301076,1909f56bfc062723c751e8b465ee728b)
Start importing Assets/BrokenVector/LowPolyDungeon/Prefabs/Tiles/Basement_Wall_Var1.prefab using Guid(e52fa0ab130d63b42bcdd15456a87141) Importer(815301076,1909f56bfc062723c751e8b465ee728b)  -> (artifact id: 'e847eb47f37533f560b6cba9c1a10d03') in 0.019630 seconds 
========================================================================
Received Import Request.
  Time since last request: 0.000074 seconds.
  path: Assets/BrokenVector/LowPolyDungeon/Prefabs/Tiles/Dungeon_Hall_Center.prefab
  artifactKey: Guid(ad723011623795149ab723c33c434c37) Importer(815301076,1909f56bfc062723c751e8b465ee728b)
Start importing Assets/BrokenVector/LowPolyDungeon/Prefabs/Tiles/Dungeon_Hall_Center.prefab using Guid(ad723011623795149ab723c33c434c37) Importer(815301076,1909f56bfc062723c751e8b465ee728b)  -> (artifact id: '4286708872c63d637ced640d8ab609de') in 0.020898 seconds 
========================================================================
Received Import Request.
  Time since last request: 0.000026 seconds.
  path: Assets/BrokenVector/LowPolyDungeon/Prefabs/Tiles/Dungeon_Straight_Half.prefab
  artifactKey: Guid(a0708bab0e06c414381a6861ecf05a38) Importer(815301076,1909f56bfc062723c751e8b465ee728b)
Start importing Assets/BrokenVector/LowPolyDungeon/Prefabs/Tiles/Dungeon_Straight_Half.prefab using Guid(a0708bab0e06c414381a6861ecf05a38) Importer(815301076,1909f56bfc062723c751e8b465ee728b)  -> (artifact id: 'edb6a495e1e1184e07e8bbd0a239143f') in 0.022270 seconds 
========================================================================
Received Import Request.
  Time since last request: 0.000023 seconds.
  path: Assets/BrokenVector/LowPolyDungeon/Prefabs/Tiles/DoorGate_Wooden_Right.prefab
  artifactKey: Guid(b7ed1f58ec447ad4fb0c93a62eb4c4b6) Importer(815301076,1909f56bfc062723c751e8b465ee728b)
Start importing Assets/BrokenVector/LowPolyDungeon/Prefabs/Tiles/DoorGate_Wooden_Right.prefab using Guid(b7ed1f58ec447ad4fb0c93a62eb4c4b6) Importer(815301076,1909f56bfc062723c751e8b465ee728b)  -> (artifact id: '914b5c83f8aef259160d0107434e7748') in 0.024866 seconds 
========================================================================
Received Import Request.
  Time since last request: 0.000029 seconds.
  path: Assets/BrokenVector/LowPolyDungeon/Prefabs/Tiles/Dungeon_Big_Passage.prefab
  artifactKey: Guid(b78909d98814b3d42aa488a008c30001) Importer(815301076,1909f56bfc062723c751e8b465ee728b)
Start importing Assets/BrokenVector/LowPolyDungeon/Prefabs/Tiles/Dungeon_Big_Passage.prefab using Guid(b78909d98814b3d42aa488a008c30001) Importer(815301076,1909f56bfc062723c751e8b465ee728b)  -> (artifact id: 'b63cf1811835cd069dca880e3a5ef4c2') in 0.022219 seconds 
========================================================================
Received Import Request.
  Time since last request: 0.000034 seconds.
  path: Assets/BrokenVector/LowPolyDungeon/Prefabs/Tiles/Dungeon_Wall_Window.prefab
  artifactKey: Guid(1c7f74f16e3c3bb49a9bed63da51a052) Importer(815301076,1909f56bfc062723c751e8b465ee728b)
Start importing Assets/BrokenVector/LowPolyDungeon/Prefabs/Tiles/Dungeon_Wall_Window.prefab using Guid(1c7f74f16e3c3bb49a9bed63da51a052) Importer(815301076,1909f56bfc062723c751e8b465ee728b)  -> (artifact id: '67647f996e63103b495fce03d70824c3') in 0.021468 seconds 
========================================================================
Received Import Request.
  Time since last request: 0.000025 seconds.
  path: Assets/BrokenVector/LowPolyDungeon/Prefabs/Tiles/Basement_Passage_Mix.prefab
  artifactKey: Guid(239723035b399824caf9644a73d51459) Importer(815301076,1909f56bfc062723c751e8b465ee728b)
Start importing Assets/BrokenVector/LowPolyDungeon/Prefabs/Tiles/Basement_Passage_Mix.prefab using Guid(239723035b399824caf9644a73d51459) Importer(815301076,1909f56bfc062723c751e8b465ee728b)  -> (artifact id: '0b35711391f61dc42f915cf287111a0e') in 0.023514 seconds 
========================================================================
Received Import Request.
  Time since last request: 0.000023 seconds.
  path: Assets/BrokenVector/LowPolyDungeon/Prefabs/Tiles/Dungeon_Big_Wall.prefab
  artifactKey: Guid(3ef94e73d5607784fbcbba8de4155b1e) Importer(815301076,1909f56bfc062723c751e8b465ee728b)
Start importing Assets/BrokenVector/LowPolyDungeon/Prefabs/Tiles/Dungeon_Big_Wall.prefab using Guid(3ef94e73d5607784fbcbba8de4155b1e) Importer(815301076,1909f56bfc062723c751e8b465ee728b)  -> (artifact id: '8719d9013e8f3d6539c74d0401bdd206') in 0.022100 seconds 
========================================================================
Received Import Request.
  Time since last request: 0.000162 seconds.
  path: Assets/BrokenVector/LowPolyDungeon/Prefabs/Tiles/Basement_Var3.prefab
  artifactKey: Guid(e8782814328328c44b5fd078c06fbe10) Importer(815301076,1909f56bfc062723c751e8b465ee728b)
Start importing Assets/BrokenVector/LowPolyDungeon/Prefabs/Tiles/Basement_Var3.prefab using Guid(e8782814328328c44b5fd078c06fbe10) Importer(815301076,1909f56bfc062723c751e8b465ee728b)  -> (artifact id: '90fca18ab80f1e473be843cc9a7f9d21') in 0.021352 seconds 
========================================================================
Received Import Request.
  Time since last request: 0.000049 seconds.
  path: Assets/BrokenVector/LowPolyDungeon/Prefabs/Tiles/Door_Basement_Right.prefab
  artifactKey: Guid(16efa409f7809d6499a20bf293c5df05) Importer(815301076,1909f56bfc062723c751e8b465ee728b)
Start importing Assets/BrokenVector/LowPolyDungeon/Prefabs/Tiles/Door_Basement_Right.prefab using Guid(16efa409f7809d6499a20bf293c5df05) Importer(815301076,1909f56bfc062723c751e8b465ee728b)  -> (artifact id: 'c42282d2fe25e719db5de3cee56fb7f4') in 0.018114 seconds 
========================================================================
Received Import Request.
  Time since last request: 0.000021 seconds.
  path: Assets/BrokenVector/LowPolyDungeon/Prefabs/Tiles/Dungeon_Hall_Wall_Stairs_Right.prefab
  artifactKey: Guid(ed465ab6eaa568d4fa325d2c4ebf6436) Importer(815301076,1909f56bfc062723c751e8b465ee728b)
Start importing Assets/BrokenVector/LowPolyDungeon/Prefabs/Tiles/Dungeon_Hall_Wall_Stairs_Right.prefab using Guid(ed465ab6eaa568d4fa325d2c4ebf6436) Importer(815301076,1909f56bfc062723c751e8b465ee728b)  -> (artifact id: '50eb1710a2328d32047a1fc96a68d895') in 0.018611 seconds 
========================================================================
Received Import Request.
  Time since last request: 0.000025 seconds.
  path: Assets/BrokenVector/LowPolyDungeon/Prefabs/Tiles/Door_Wooden_Round_Right.prefab
  artifactKey: Guid(15745f8b70e5d524183539fa272d90a3) Importer(815301076,1909f56bfc062723c751e8b465ee728b)
Start importing Assets/BrokenVector/LowPolyDungeon/Prefabs/Tiles/Door_Wooden_Round_Right.prefab using Guid(15745f8b70e5d524183539fa272d90a3) Importer(815301076,1909f56bfc062723c751e8b465ee728b)  -> (artifact id: '4d6cf4dfbc5feb78a2c150b3d94623a2') in 0.025825 seconds 
========================================================================
Received Import Request.
  Time since last request: 0.000018 seconds.
  path: Assets/BrokenVector/LowPolyDungeon/Prefabs/Tiles/Dungeon_Custom_Border_Flat.prefab
  artifactKey: Guid(672e720ef69a65b44a71577cd7cc26ed) Importer(815301076,1909f56bfc062723c751e8b465ee728b)
Start importing Assets/BrokenVector/LowPolyDungeon/Prefabs/Tiles/Dungeon_Custom_Border_Flat.prefab using Guid(672e720ef69a65b44a71577cd7cc26ed) Importer(815301076,1909f56bfc062723c751e8b465ee728b)  -> (artifact id: 'ac4af6152477df205e4f372dc11f91b3') in 0.020703 seconds 
========================================================================
Received Import Request.
  Time since last request: 0.000026 seconds.
  path: Assets/BrokenVector/LowPolyDungeon/Prefabs/Tiles/Basement_Passage.prefab
  artifactKey: Guid(4b0d2ea51ebd97f4d91249e4c9bbefc4) Importer(815301076,1909f56bfc062723c751e8b465ee728b)
Start importing Assets/BrokenVector/LowPolyDungeon/Prefabs/Tiles/Basement_Passage.prefab using Guid(4b0d2ea51ebd97f4d91249e4c9bbefc4) Importer(815301076,1909f56bfc062723c751e8b465ee728b)  -> (artifact id: '2dba6f8398f3d5ae9162e4b31f544e52') in 0.020807 seconds 
========================================================================
Received Import Request.
  Time since last request: 0.000029 seconds.
  path: Assets/BrokenVector/LowPolyDungeon/Prefabs/Tiles/Dungeon_Wall_Var2.prefab
  artifactKey: Guid(1696222c72e89ab4f9026119ef17826b) Importer(815301076,1909f56bfc062723c751e8b465ee728b)
Start importing Assets/BrokenVector/LowPolyDungeon/Prefabs/Tiles/Dungeon_Wall_Var2.prefab using Guid(1696222c72e89ab4f9026119ef17826b) Importer(815301076,1909f56bfc062723c751e8b465ee728b)  -> (artifact id: '23efdd672c1869b92162d3d7d101fe88') in 0.019973 seconds 
========================================================================
Received Import Request.
  Time since last request: 17.637968 seconds.
  path: Assets/BrokenVector/LowPolyDungeon/Prefabs/Tiles/Hallway_Crossing.prefab
  artifactKey: Guid(d8a87367ce3dea34381d129ffade9174) Importer(815301076,1909f56bfc062723c751e8b465ee728b)
Start importing Assets/BrokenVector/LowPolyDungeon/Prefabs/Tiles/Hallway_Crossing.prefab using Guid(d8a87367ce3dea34381d129ffade9174) Importer(815301076,1909f56bfc062723c751e8b465ee728b)  -> (artifact id: '9b8322f9bf1784e46dc8a5615412f253') in 0.031775 seconds 
========================================================================
Received Import Request.
  Time since last request: 0.000023 seconds.
  path: Assets/BrokenVector/LowPolyDungeon/Prefabs/Tiles/Holefix_Double.prefab
  artifactKey: Guid(5e0793aa91d1c1248a76c8bb8a68d3ca) Importer(815301076,1909f56bfc062723c751e8b465ee728b)
Start importing Assets/BrokenVector/LowPolyDungeon/Prefabs/Tiles/Holefix_Double.prefab using Guid(5e0793aa91d1c1248a76c8bb8a68d3ca) Importer(815301076,1909f56bfc062723c751e8b465ee728b)  -> (artifact id: '369d73bd6ddef57698353e745781d49d') in 0.021948 seconds 
========================================================================
Received Import Request.
  Time since last request: 0.000039 seconds.
  path: Assets/BrokenVector/LowPolyDungeon/Prefabs/Tiles/Hallway_Double.prefab
  artifactKey: Guid(7e2b134344aa7c0449b99d1a47be113a) Importer(815301076,1909f56bfc062723c751e8b465ee728b)
Start importing Assets/BrokenVector/LowPolyDungeon/Prefabs/Tiles/Hallway_Double.prefab using Guid(7e2b134344aa7c0449b99d1a47be113a) Importer(815301076,1909f56bfc062723c751e8b465ee728b)  -> (artifact id: '6174fa71c5f468747dfe92c8ee24f00b') in 0.023123 seconds 
========================================================================
Received Import Request.
  Time since last request: 0.000027 seconds.
  path: Assets/BrokenVector/LowPolyDungeon/Prefabs/Tiles/Hallway_Quarter.prefab
  artifactKey: Guid(a85a6c2c6af086848b326146d8a3b6c2) Importer(815301076,1909f56bfc062723c751e8b465ee728b)
Start importing Assets/BrokenVector/LowPolyDungeon/Prefabs/Tiles/Hallway_Quarter.prefab using Guid(a85a6c2c6af086848b326146d8a3b6c2) Importer(815301076,1909f56bfc062723c751e8b465ee728b)  -> (artifact id: 'a81e4d03e3a63642d692edac25940b26') in 0.020521 seconds 
========================================================================
Received Import Request.
  Time since last request: 0.000031 seconds.
  path: Assets/BrokenVector/LowPolyDungeon/Prefabs/Tiles/Hallway_Curve_Short.prefab
  artifactKey: Guid(ea89d7821ddb211478ce5ff6f3ea064d) Importer(815301076,1909f56bfc062723c751e8b465ee728b)
Start importing Assets/BrokenVector/LowPolyDungeon/Prefabs/Tiles/Hallway_Curve_Short.prefab using Guid(ea89d7821ddb211478ce5ff6f3ea064d) Importer(815301076,1909f56bfc062723c751e8b465ee728b)  -> (artifact id: '842f1f1cc67690a0a8b06a5b5f9a652b') in 0.020625 seconds 
========================================================================
Received Import Request.
  Time since last request: 0.000022 seconds.
  path: Assets/BrokenVector/LowPolyDungeon/Prefabs/Tiles/Hallway_Half.prefab
  artifactKey: Guid(a62753c87b044214ebd45797277f54ad) Importer(815301076,1909f56bfc062723c751e8b465ee728b)
Start importing Assets/BrokenVector/LowPolyDungeon/Prefabs/Tiles/Hallway_Half.prefab using Guid(a62753c87b044214ebd45797277f54ad) Importer(815301076,1909f56bfc062723c751e8b465ee728b)  -> (artifact id: '7fad7ebe0c158a19079f060b7fbe0732') in 0.034921 seconds 
========================================================================
Received Import Request.
  Time since last request: 0.000022 seconds.
  path: Assets/BrokenVector/LowPolyDungeon/Prefabs/Tiles/HoleFix_Half.prefab
  artifactKey: Guid(4cd248ecb5dd495468c0a783da4a4ae9) Importer(815301076,1909f56bfc062723c751e8b465ee728b)
Start importing Assets/BrokenVector/LowPolyDungeon/Prefabs/Tiles/HoleFix_Half.prefab using Guid(4cd248ecb5dd495468c0a783da4a4ae9) Importer(815301076,1909f56bfc062723c751e8b465ee728b)  -> (artifact id: 'b1ac2975f41e4160594d31cbd8c0a70f') in 0.022942 seconds 
========================================================================
Received Import Request.
  Time since last request: 0.000021 seconds.
  path: Assets/BrokenVector/LowPolyDungeon/Prefabs/Tiles/Hallway_TCrossing.prefab
  artifactKey: Guid(345c8a49d7186274cbb629bef82b473c) Importer(815301076,1909f56bfc062723c751e8b465ee728b)
Start importing Assets/BrokenVector/LowPolyDungeon/Prefabs/Tiles/Hallway_TCrossing.prefab using Guid(345c8a49d7186274cbb629bef82b473c) Importer(815301076,1909f56bfc062723c751e8b465ee728b)  -> (artifact id: 'e5ab88977241960ebfcb4ee3ba8cbcfa') in 0.021392 seconds 
========================================================================
Received Import Request.
  Time since last request: 0.000023 seconds.
  path: Assets/BrokenVector/LowPolyDungeon/Prefabs/Tiles/Hallway_Full.prefab
  artifactKey: Guid(bd271741385672b478a33a0d372490ea) Importer(815301076,1909f56bfc062723c751e8b465ee728b)
Start importing Assets/BrokenVector/LowPolyDungeon/Prefabs/Tiles/Hallway_Full.prefab using Guid(bd271741385672b478a33a0d372490ea) Importer(815301076,1909f56bfc062723c751e8b465ee728b)  -> (artifact id: '636677b0d225aec14206423d7b7d069d') in 0.020187 seconds 
========================================================================
Received Import Request.
  Time since last request: 0.000022 seconds.
  path: Assets/BrokenVector/LowPolyDungeon/Prefabs/Tiles/Hallway_toStaircase_Bottom.prefab
  artifactKey: Guid(d8442ff07dd71bb48be63de4bffeeb34) Importer(815301076,1909f56bfc062723c751e8b465ee728b)
Start importing Assets/BrokenVector/LowPolyDungeon/Prefabs/Tiles/Hallway_toStaircase_Bottom.prefab using Guid(d8442ff07dd71bb48be63de4bffeeb34) Importer(815301076,1909f56bfc062723c751e8b465ee728b)  -> (artifact id: '1d83d7eb37fb7e8be1bd033244b76d31') in 0.020181 seconds 
========================================================================
Received Import Request.
  Time since last request: 0.000028 seconds.
  path: Assets/BrokenVector/LowPolyDungeon/Prefabs/Tiles/Hallway_toStaircase_Top.prefab
  artifactKey: Guid(e4c0e291a3f433742ac8bad5c45ba01c) Importer(815301076,1909f56bfc062723c751e8b465ee728b)
Start importing Assets/BrokenVector/LowPolyDungeon/Prefabs/Tiles/Hallway_toStaircase_Top.prefab using Guid(e4c0e291a3f433742ac8bad5c45ba01c) Importer(815301076,1909f56bfc062723c751e8b465ee728b)  -> (artifact id: '1fa919bc080e0f2c997bdfbd3a6f947b') in 0.022170 seconds 
========================================================================
Received Import Request.
  Time since last request: 0.000032 seconds.
  path: Assets/BrokenVector/LowPolyDungeon/Prefabs/Tiles/Hallway_Curve_Long.prefab
  artifactKey: Guid(7d0884ce5d5b49d499cfa0d0d9049a24) Importer(815301076,1909f56bfc062723c751e8b465ee728b)
Start importing Assets/BrokenVector/LowPolyDungeon/Prefabs/Tiles/Hallway_Curve_Long.prefab using Guid(7d0884ce5d5b49d499cfa0d0d9049a24) Importer(815301076,1909f56bfc062723c751e8b465ee728b)  -> (artifact id: 'b40737c07e14aafddbd2e69db5bc054d') in 0.021363 seconds 
========================================================================
Received Import Request.
  Time since last request: 1.610880 seconds.
  path: Assets/BrokenVector/LowPolyDungeon/Prefabs/Tiles/Holefix_Single.prefab
  artifactKey: Guid(192d681e9fa59ee41a375fd1339fa347) Importer(815301076,1909f56bfc062723c751e8b465ee728b)
Start importing Assets/BrokenVector/LowPolyDungeon/Prefabs/Tiles/Holefix_Single.prefab using Guid(192d681e9fa59ee41a375fd1339fa347) Importer(815301076,1909f56bfc062723c751e8b465ee728b)  -> (artifact id: '49b70fb6f62f8bd09ddf9319fd87cbb0') in 0.022325 seconds 
========================================================================
Received Import Request.
  Time since last request: 0.000023 seconds.
  path: Assets/BrokenVector/LowPolyDungeon/Prefabs/Tiles/Staircase with Walls.prefab
  artifactKey: Guid(ffbae557e4ef8ad42ac5985991a85b22) Importer(815301076,1909f56bfc062723c751e8b465ee728b)
Start importing Assets/BrokenVector/LowPolyDungeon/Prefabs/Tiles/Staircase with Walls.prefab using Guid(ffbae557e4ef8ad42ac5985991a85b22) Importer(815301076,1909f56bfc062723c751e8b465ee728b)  -> (artifact id: '0e6e5c8a68cdc9c3b0c95529601065f5') in 0.041491 seconds 
========================================================================
Received Import Request.
  Time since last request: 0.000031 seconds.
  path: Assets/BrokenVector/LowPolyDungeon/Prefabs/Tiles/Pillar.prefab
  artifactKey: Guid(27f210ed52b6c0f409f410ac194d0a7c) Importer(815301076,1909f56bfc062723c751e8b465ee728b)
Start importing Assets/BrokenVector/LowPolyDungeon/Prefabs/Tiles/Pillar.prefab using Guid(27f210ed52b6c0f409f410ac194d0a7c) Importer(815301076,1909f56bfc062723c751e8b465ee728b)  -> (artifact id: 'cad5bff468d85748a5843a1323797615') in 0.022020 seconds 
========================================================================
Received Import Request.
  Time since last request: 0.000021 seconds.
  path: Assets/BrokenVector/LowPolyDungeon/Prefabs/Tiles/Portcullis_Metal.prefab
  artifactKey: Guid(2bde22b421d566c4d8da5d70dd666204) Importer(815301076,1909f56bfc062723c751e8b465ee728b)
Start importing Assets/BrokenVector/LowPolyDungeon/Prefabs/Tiles/Portcullis_Metal.prefab using Guid(2bde22b421d566c4d8da5d70dd666204) Importer(815301076,1909f56bfc062723c751e8b465ee728b)  -> (artifact id: '1d80e2ceb150b4e8bed0d90a3ab5b3a2') in 0.020737 seconds 
========================================================================
Received Import Request.
  Time since last request: 0.000025 seconds.
  path: Assets/BrokenVector/LowPolyDungeon/Prefabs/Tiles/Staircase.prefab
  artifactKey: Guid(fe920f08a7bd91440b54ef922f9bf5b5) Importer(815301076,1909f56bfc062723c751e8b465ee728b)
Start importing Assets/BrokenVector/LowPolyDungeon/Prefabs/Tiles/Staircase.prefab using Guid(fe920f08a7bd91440b54ef922f9bf5b5) Importer(815301076,1909f56bfc062723c751e8b465ee728b)  -> (artifact id: 'b22bb30dc7e63b602137bf8cfd1f1cdb') in 0.023243 seconds 
========================================================================
Received Import Request.
  Time since last request: 0.000023 seconds.
  path: Assets/BrokenVector/LowPolyDungeon/Prefabs/Tiles/Portcullis_Wood.prefab
  artifactKey: Guid(da389f98d36554042874cf88abbff5ef) Importer(815301076,1909f56bfc062723c751e8b465ee728b)
Start importing Assets/BrokenVector/LowPolyDungeon/Prefabs/Tiles/Portcullis_Wood.prefab using Guid(da389f98d36554042874cf88abbff5ef) Importer(815301076,1909f56bfc062723c751e8b465ee728b)  -> (artifact id: '8efb2eaf66b2c025c1d6e3c3b21a1f2a') in 0.021763 seconds 
========================================================================
Received Import Request.
  Time since last request: 0.000023 seconds.
  path: Assets/BrokenVector/LowPolyDungeon/Prefabs/Tiles/Jail_Wall.prefab
  artifactKey: Guid(cc9f980ee3a12ab49af49ee894ebd89a) Importer(815301076,1909f56bfc062723c751e8b465ee728b)
Start importing Assets/BrokenVector/LowPolyDungeon/Prefabs/Tiles/Jail_Wall.prefab using Guid(cc9f980ee3a12ab49af49ee894ebd89a) Importer(815301076,1909f56bfc062723c751e8b465ee728b)  -> (artifact id: 'b549743ec6a062a010be023d00ab0517') in 0.023085 seconds 
========================================================================
Received Import Request.
  Time since last request: 0.000021 seconds.
  path: Assets/BrokenVector/LowPolyDungeon/Prefabs/Tiles/Jail_Door_Right.prefab
  artifactKey: Guid(8b2ac275d28767a4bbd00fec5cb82b8b) Importer(815301076,1909f56bfc062723c751e8b465ee728b)
Start importing Assets/BrokenVector/LowPolyDungeon/Prefabs/Tiles/Jail_Door_Right.prefab using Guid(8b2ac275d28767a4bbd00fec5cb82b8b) Importer(815301076,1909f56bfc062723c751e8b465ee728b)  -> (artifact id: '79a8447a5d90af28026c6df273e165f5') in 0.020803 seconds 
========================================================================
Received Import Request.
  Time since last request: 0.000046 seconds.
  path: Assets/BrokenVector/LowPolyDungeon/Prefabs/Tiles/Jail_Door_Left.prefab
  artifactKey: Guid(c18611346c4c58945a94163404f2e1e2) Importer(815301076,1909f56bfc062723c751e8b465ee728b)
Start importing Assets/BrokenVector/LowPolyDungeon/Prefabs/Tiles/Jail_Door_Left.prefab using Guid(c18611346c4c58945a94163404f2e1e2) Importer(815301076,1909f56bfc062723c751e8b465ee728b)  -> (artifact id: 'a53dd5d678ddf0e45f68852ba622a2a2') in 0.019820 seconds 
========================================================================
Received Import Request.
  Time since last request: 0.000021 seconds.
  path: Assets/BrokenVector/LowPolyDungeon/Prefabs/Tiles/Stairs_High.prefab
  artifactKey: Guid(1e5e6584f4b365c49a0edc23ccafc87b) Importer(815301076,1909f56bfc062723c751e8b465ee728b)
Start importing Assets/BrokenVector/LowPolyDungeon/Prefabs/Tiles/Stairs_High.prefab using Guid(1e5e6584f4b365c49a0edc23ccafc87b) Importer(815301076,1909f56bfc062723c751e8b465ee728b)  -> (artifact id: '66c179c8c32f836c4f4e7d657b67d5b9') in 0.021655 seconds 
========================================================================
Received Import Request.
  Time since last request: 0.000026 seconds.
  path: Assets/BrokenVector/LowPolyDungeon/Prefabs/Tiles/Jail_Gate.prefab
  artifactKey: Guid(74306c807f3830a4a8f1c245e9549c6c) Importer(815301076,1909f56bfc062723c751e8b465ee728b)
Start importing Assets/BrokenVector/LowPolyDungeon/Prefabs/Tiles/Jail_Gate.prefab using Guid(74306c807f3830a4a8f1c245e9549c6c) Importer(815301076,1909f56bfc062723c751e8b465ee728b)  -> (artifact id: '44000eed2fb8c6ce633a35d9808e7bc5') in 0.021790 seconds 
========================================================================
Received Import Request.
  Time since last request: 0.000034 seconds.
  path: Assets/BrokenVector/LowPolyDungeon/Prefabs/Tiles/Jail_Wall_broken.prefab
  artifactKey: Guid(e28b34a491d1b964a8f7abc908c7db72) Importer(815301076,1909f56bfc062723c751e8b465ee728b)
Start importing Assets/BrokenVector/LowPolyDungeon/Prefabs/Tiles/Jail_Wall_broken.prefab using Guid(e28b34a491d1b964a8f7abc908c7db72) Importer(815301076,1909f56bfc062723c751e8b465ee728b)  -> (artifact id: 'a0159837d142995f276b8c194285820f') in 0.023327 seconds 
========================================================================
Received Import Request.
  Time since last request: 0.666905 seconds.
  path: Assets/BrokenVector/LowPolyDungeon/Prefabs/Tiles/Stairs_Low.prefab
  artifactKey: Guid(01758e662295c9347b35b7bdee71f5b4) Importer(815301076,1909f56bfc062723c751e8b465ee728b)
Start importing Assets/BrokenVector/LowPolyDungeon/Prefabs/Tiles/Stairs_Low.prefab using Guid(01758e662295c9347b35b7bdee71f5b4) Importer(815301076,1909f56bfc062723c751e8b465ee728b)  -> (artifact id: '242bb6296f363aedc8d8a1dbe3ef8aa2') in 0.025682 seconds 
========================================================================
Received Import Request.
  Time since last request: 0.000098 seconds.
  path: Assets/BrokenVector/LowPolyDungeon/Prefabs/Tiles/Stairs_Platform.prefab
  artifactKey: Guid(9d3c6113164fd3b488040a35893b058c) Importer(815301076,1909f56bfc062723c751e8b465ee728b)
Start importing Assets/BrokenVector/LowPolyDungeon/Prefabs/Tiles/Stairs_Platform.prefab using Guid(9d3c6113164fd3b488040a35893b058c) Importer(815301076,1909f56bfc062723c751e8b465ee728b)  -> (artifact id: 'c6bbea2effa6d1a2612dbf65f4a6cb88') in 0.023927 seconds 
========================================================================
Received Import Request.
  Time since last request: 0.000025 seconds.
  path: Assets/BrokenVector/LowPolyDungeon/Prefabs/Tiles/Steps_Small.prefab
  artifactKey: Guid(bca29393fb49e1e4d862950ab1749426) Importer(815301076,1909f56bfc062723c751e8b465ee728b)
Start importing Assets/BrokenVector/LowPolyDungeon/Prefabs/Tiles/Steps_Small.prefab using Guid(bca29393fb49e1e4d862950ab1749426) Importer(815301076,1909f56bfc062723c751e8b465ee728b)  -> (artifact id: 'ad877efb3bbcd55fe8e2f0c6b46c1212') in 0.021016 seconds 
